libs/util/libxposed/service/build/intermediates/manifest_merge_blame_file/debug/processDebugManifest/manifest-merger-blame-debug-report.txt
1<?xml version="1.0" encoding="utf-8"?>
2<manifest xmlns:android="http://schemas.android.com/apk/res/android"
3    xmlns:tools="http://schemas.android.com/tools"
4    package="io.github.libxposed.service" >
5
6    <uses-sdk android:minSdkVersion="24" />
7
8    <application>
8-->src\main\AndroidManifest.xml:4:5-10:19
9        <provider
9-->src\main\AndroidManifest.xml:5:9-9:54
10            android:name="io.github.libxposed.service.XposedProvider"
10-->src\main\AndroidManifest.xml:6:13-43
11            android:authorities="${applicationId}.XposedService"
11-->src\main\AndroidManifest.xml:7:13-65
12            android:exported="true"
12-->src\main\AndroidManifest.xml:8:13-36
13            tools:ignore="ExportedContentProvider" />
13-->src\main\AndroidManifest.xml:9:13-51
14    </application>
15
16</manifest>